<?xml version="1.0" encoding="UTF-8"?>
<!-- Generated by org.testng.reporters.JUnitReportReporter -->
<testsuite skipped="0" hostname="Lenovo-PC" name="qaclickacademy.WebTest" tests="2" failures="0" timestamp="12 Apr 2019 06:35:08 GMT" time="0.008" errors="0">
  <testcase name="Webtest" time="0.008" classname="qaclickacademy.WebTest"/>
  <testcase name="Webtest2" time="0.000" classname="qaclickacademy.WebTest"/>
</testsuite> <!-- qaclickacademy.WebTest -->
