<?xml version="1.0" encoding="UTF-8"?>
<!-- Generated by org.testng.reporters.JUnitReportReporter -->
<testsuite skipped="0" hostname="Lenovo-PC" name="qaclickacademy.APITest" tests="2" failures="0" timestamp="12 Apr 2019 06:41:40 GMT" time="0.012" errors="0">
  <testcase name="APItest2" time="0.002" classname="qaclickacademy.APITest"/>
  <testcase name="APItest" time="0.010" classname="qaclickacademy.APITest"/>
</testsuite> <!-- qaclickacademy.APITest -->
